<?xml version="1.0" encoding="UTF-8"?>
<!-- Generated by org.testng.reporters.JUnitReportReporter -->
<testsuite hostname="geethanjali-hp" name="TestNG.ExtentReport" tests="1" failures="0" timestamp="8 Apr 2021 13:27:36 GMT" time="14.660" errors="0">
  <testcase name="initialExtentReport" time="14.660" classname="TestNG.ExtentReport"/>
</testsuite> <!-- TestNG.ExtentReport -->
