<?xml version="1.0" encoding="UTF-8"?>
<!-- Generated by org.testng.reporters.JUnitReportReporter -->
<testsuite hostname="geethanjali-hp" name="interProgram.vowelsort" tests="1" failures="0" timestamp="28 Apr 2021 06:06:22 GMT" time="0.060" errors="0">
  <testcase name="sort" time="0.060" classname="interProgram.vowelsort"/>
</testsuite> <!-- interProgram.vowelsort -->
