<?xml version="1.0" encoding="UTF-8"?>
<!-- Generated by org.testng.reporters.JUnitReportReporter -->
<testsuite hostname="raju-desktop" name="com.PatientRateusTestcases.RateUsTestcase5" tests="1" failures="0" timestamp="12 Nov 2020 11:24:48 GMT" time="16.732" errors="0">
  <testcase name="rateus" time="16.732" classname="com.PatientRateusTestcases.RateUsTestcase5"/>
</testsuite> <!-- com.PatientRateusTestcases.RateUsTestcase5 -->
