<?xml version="1.0" encoding="UTF-8"?>
<!-- Generated by org.testng.reporters.JUnitReportReporter -->
<testsuite hostname="geethanjali-hp" name="interProgram.SortString" tests="2" failures="0" timestamp="27 Apr 2021 14:35:50 GMT" time="0.112" errors="0">
  <testcase name="sort1" time="0.005" classname="interProgram.SortString"/>
  <testcase name="sort" time="0.107" classname="interProgram.SortString"/>
</testsuite> <!-- interProgram.SortString -->
