<?xml version="1.0" encoding="UTF-8"?>
<!-- Generated by org.testng.reporters.JUnitReportReporter -->
<testsuite hostname="geethanjali-hp" name="Testcases.tests1" tests="1" failures="0" timestamp="9 Apr 2021 04:03:50 GMT" time="0.013" errors="0">
  <testcase name="test1" time="0.013" classname="Testcases.tests1"/>
</testsuite> <!-- Testcases.tests1 -->
