<?xml version="1.0" encoding="UTF-8"?>
<!-- Generated by org.testng.reporters.JUnitReportReporter -->
<testsuite hostname="geethanjali-hp" name="interProgram.Footerlink2" tests="1" failures="0" timestamp="19 May 2021 13:02:22 GMT" time="6.964" errors="0">
  <testcase name="browserSetup" time="6.964" classname="interProgram.Footerlink2"/>
</testsuite> <!-- interProgram.Footerlink2 -->
