<?xml version="1.0" encoding="UTF-8"?>
<!-- Generated by org.testng.reporters.JUnitReportReporter -->
<testsuite hostname="geethanjali-hp" name="TestNG.DatabaseConnection" tests="1" failures="0" timestamp="16 May 2021 10:54:09 GMT" time="0.686" errors="0">
  <testcase name="db" time="0.686" classname="TestNG.DatabaseConnection"/>
</testsuite> <!-- TestNG.DatabaseConnection -->
