<?xml version="1.0" encoding="UTF-8"?>
<!-- Generated by org.testng.reporters.JUnitReportReporter -->
<testsuite hostname="geethanjali-hp" name="interProgram.Footerlink" tests="1" failures="0" timestamp="19 May 2021 12:27:31 GMT" time="6.969" errors="0">
  <testcase name="browserSetup" time="6.969" classname="interProgram.Footerlink"/>
</testsuite> <!-- interProgram.Footerlink -->
