<?xml version="1.0" encoding="UTF-8"?>
<!-- Generated by org.testng.reporters.JUnitReportReporter -->
<testsuite hostname="geethanjali-hp" name="TestNG.IOS" tests="6" failures="0" timestamp="11 Jun 2021 05:19:10 GMT" time="0.005" errors="0">
  <testcase name="iosChrome" time="0.001" classname="TestNG.IOS"/>
  <testcase name="iosMultipleData" time="0.001" classname="TestNG.IOS"/>
  <testcase name="iosMultipleData" time="0.001" classname="TestNG.IOS"/>
  <testcase name="iosMultipleData" time="0.000" classname="TestNG.IOS"/>
  <testcase name="iosChrome" time="0.001" classname="TestNG.IOS"/>
  <testcase name="iosFirefox" time="0.001" classname="TestNG.IOS"/>
</testsuite> <!-- TestNG.IOS -->
