<?xml version="1.0" encoding="UTF-8"?>
<!-- Generated by org.testng.reporters.JUnitReportReporter -->
<testsuite hostname="geethanjali-hp" name="TestNG.Desktop" tests="4" failures="0" timestamp="9 Apr 2021 05:50:14 GMT" time="0.013" errors="0">
  <testcase name="desktopChrome" time="0.002" classname="TestNG.Desktop"/>
  <testcase name="desktopChrome" time="0.007" classname="TestNG.Desktop"/>
  <testcase name="desktopfirefox" time="0.002" classname="TestNG.Desktop"/>
  <testcase name="desktopfirefox" time="0.002" classname="TestNG.Desktop"/>
</testsuite> <!-- TestNG.Desktop -->
