<?xml version="1.0" encoding="UTF-8"?>
<!-- Generated by org.testng.reporters.JUnitReportReporter -->
<testsuite hostname="geethanjali-hp" name="TestNG.DataDriven1" tests="1" failures="0" timestamp="11 Apr 2021 07:53:40 GMT" time="1.169" errors="0">
  <testcase name="dd" time="1.169" classname="TestNG.DataDriven1"/>
</testsuite> <!-- TestNG.DataDriven1 -->
