<?xml version="1.0" encoding="UTF-8"?>
<!-- Generated by org.testng.reporters.JUnitReportReporter -->
<testsuite hostname="geethanjali-hp" name="interProgram.panda" tests="1" failures="0" timestamp="29 Apr 2021 05:43:25 GMT" time="197.211" errors="0">
  <testcase name="teddy" time="197.211" classname="interProgram.panda"/>
</testsuite> <!-- interProgram.panda -->
