<?xml version="1.0" encoding="UTF-8"?>
<!-- Generated by org.testng.reporters.JUnitReportReporter -->
<testsuite hostname="geethanjali-hp" name="log4j2.demo3" tests="1" failures="0" timestamp="9 Apr 2021 04:16:18 GMT" time="0.021" errors="0">
  <testcase name="test" time="0.021" classname="log4j2.demo3"/>
</testsuite> <!-- log4j2.demo3 -->
