<?xml version="1.0" encoding="UTF-8"?>
<!-- Generated by org.testng.reporters.JUnitReportReporter -->
<testsuite hostname="geethanjali-hp" name="interProgram.ajio" tests="1" failures="0" timestamp="30 Apr 2021 07:43:46 GMT" time="8.992" errors="0">
  <testcase name="tt" time="8.992" classname="interProgram.ajio"/>
</testsuite> <!-- interProgram.ajio -->
