<?xml version="1.0" encoding="UTF-8"?>
<!-- Generated by org.testng.reporters.JUnitReportReporter -->
<testsuite hostname="geethanjali-hp" name="TestNG.IOS" tests="6" failures="0" timestamp="9 Apr 2021 05:50:14 GMT" time="0.018" errors="0">
  <testcase name="iosMultipleData" time="0.003" classname="TestNG.IOS"/>
  <testcase name="iosMultipleData" time="0.002" classname="TestNG.IOS"/>
  <testcase name="iosChrome" time="0.002" classname="TestNG.IOS"/>
  <testcase name="iosMultipleData" time="0.003" classname="TestNG.IOS"/>
  <testcase name="iosFirefox" time="0.005" classname="TestNG.IOS"/>
  <testcase name="iosChrome" time="0.003" classname="TestNG.IOS"/>
</testsuite> <!-- TestNG.IOS -->
