<?xml version="1.0" encoding="UTF-8"?>
<!-- Generated by org.testng.reporters.JUnitReportReporter -->
<testsuite hostname="geethanjali-hp" name="interProgram.amz" tests="1" failures="0" timestamp="29 Apr 2021 10:34:54 GMT" time="19.242" errors="0">
  <testcase name="tt" time="19.242" classname="interProgram.amz"/>
</testsuite> <!-- interProgram.amz -->
