<?xml version="1.0" encoding="UTF-8"?>
<!-- Generated by org.testng.reporters.JUnitReportReporter -->
<testsuite hostname="geethanjali-hp" name="TestNG.listen123" tests="1" failures="0" timestamp="11 Jun 2021 05:19:10 GMT" time="2.500" errors="0">
  <testcase name="intialise123" time="2.500" classname="TestNG.listen123"/>
</testsuite> <!-- TestNG.listen123 -->
