<?xml version="1.0" encoding="UTF-8"?>
<!-- Generated by org.testng.reporters.JUnitReportReporter -->
<testsuite hostname="geethanjali-hp" name="Testcases.tests1" tests="1" failures="0" timestamp="20 Apr 2021 04:23:17 GMT" time="0.006" errors="0">
  <testcase name="test1" time="0.006" classname="Testcases.tests1"/>
</testsuite> <!-- Testcases.tests1 -->
