<?xml version="1.0" encoding="UTF-8"?>
<!-- Generated by org.testng.reporters.JUnitReportReporter -->
<testsuite hostname="geethanjali-hp" name="interProgram.palidrome" tests="1" failures="0" timestamp="19 May 2021 11:54:51 GMT" time="0.024" errors="0">
  <testcase name="gg" time="0.024" classname="interProgram.palidrome"/>
</testsuite> <!-- interProgram.palidrome -->
