<?xml version="1.0" encoding="UTF-8"?>
<!-- Generated by org.testng.reporters.JUnitReportReporter -->
<testsuite hostname="geethanjali-hp" name="TestNG.Desktop" tests="4" failures="0" timestamp="11 Jun 2021 05:19:10 GMT" time="0.002" errors="0">
  <testcase name="desktopfirefox" time="0.000" classname="TestNG.Desktop"/>
  <testcase name="desktopChrome" time="0.001" classname="TestNG.Desktop"/>
  <testcase name="desktopfirefox" time="0.001" classname="TestNG.Desktop"/>
  <testcase name="desktopChrome" time="0.000" classname="TestNG.Desktop"/>
</testsuite> <!-- TestNG.Desktop -->
