<?xml version="1.0" encoding="UTF-8"?>
<!-- Generated by org.testng.reporters.JUnitReportReporter -->
<testsuite hostname="geethanjali-hp" name="interProgram.AmazonProgram" tests="1" failures="0" timestamp="30 Apr 2021 06:58:04 GMT" time="11.770" errors="0">
  <testcase name="tt" time="11.770" classname="interProgram.AmazonProgram"/>
</testsuite> <!-- interProgram.AmazonProgram -->
