<?xml version="1.0" encoding="UTF-8"?>
<!-- Generated by org.testng.reporters.JUnitReportReporter -->
<testsuite hostname="geethanjali-hp" name="stepDefinition.HomeTestCase" tests="1" failures="0" timestamp="7 Apr 2021 07:22:18 GMT" time="0.011" errors="0">
  <testcase name="f" time="0.011" classname="stepDefinition.HomeTestCase"/>
</testsuite> <!-- stepDefinition.HomeTestCase -->
