<?xml version="1.0" encoding="UTF-8"?>
<!-- Generated by org.testng.reporters.JUnitReportReporter -->
<testsuite hostname="geethanjali-hp" name="testRunner.TestRunner" tests="1" failures="0" timestamp="9 Apr 2021 05:00:25 GMT" time="17.434" errors="0">
  <testcase name="feature" time="17.434" classname="testRunner.TestRunner"/>
</testsuite> <!-- testRunner.TestRunner -->
