<?xml version="1.0" encoding="UTF-8"?>
<!-- Generated by org.testng.reporters.JUnitReportReporter -->
<testsuite hostname="geethanjali-hp" name="interProgram.map1" tests="1" failures="0" timestamp="30 Apr 2021 14:23:08 GMT" time="0.010" errors="0">
  <testcase name="merge" time="0.010" classname="interProgram.map1"/>
</testsuite> <!-- interProgram.map1 -->
