<?xml version="1.0" encoding="UTF-8"?>
<!-- Generated by org.testng.reporters.JUnitReportReporter -->
<testsuite hostname="geethanjali-hp" name="TestNG.listen1234" tests="1" failures="0" timestamp="11 Jun 2021 05:19:10 GMT" time="2.004" errors="0">
  <testcase name="intialise1234" time="2.004" classname="TestNG.listen1234"/>
</testsuite> <!-- TestNG.listen1234 -->
