<?xml version="1.0" encoding="UTF-8"?>
<!-- Generated by org.testng.reporters.JUnitReportReporter -->
<testsuite hostname="geethanjali-hp" name="TestNG.Android" tests="6" failures="0" timestamp="9 Apr 2021 05:50:14 GMT" time="0.095" errors="0">
  <testcase name="androidChrome" time="0.004" classname="TestNG.Android"/>
  <testcase name="androidFirefox" time="0.003" classname="TestNG.Android"/>
  <testcase name="androidChrome" time="0.022" classname="TestNG.Android"/>
  <testcase name="androidEdge" time="0.017" classname="TestNG.Android"/>
  <testcase name="androidChrome" time="0.046" classname="TestNG.Android"/>
  <testcase name="androidFirefox" time="0.003" classname="TestNG.Android"/>
</testsuite> <!-- TestNG.Android -->
