<?xml version="1.0" encoding="UTF-8"?>
<!-- Generated by org.testng.reporters.JUnitReportReporter -->
<testsuite hostname="geethanjali-hp" name="interProgram.sortInteger" tests="1" failures="0" timestamp="27 Apr 2021 14:15:08 GMT" time="0.093" errors="0">
  <testcase name="sort" time="0.093" classname="interProgram.sortInteger"/>
</testsuite> <!-- interProgram.sortInteger -->
