<?xml version="1.0" encoding="UTF-8"?>
<!-- Generated by org.testng.reporters.JUnitReportReporter -->
<testsuite hostname="geethanjali-hp" name="interProgram.uniqueNumber" tests="1" failures="0" timestamp="19 May 2021 12:01:09 GMT" time="0.121" errors="0">
  <testcase name="un" time="0.121" classname="interProgram.uniqueNumber"/>
</testsuite> <!-- interProgram.uniqueNumber -->
