<?xml version="1.0" encoding="UTF-8"?>
<!-- Generated by org.testng.reporters.JUnitReportReporter -->
<testsuite hostname="geethanjali-hp" name="interProgram.sortint" tests="1" failures="0" timestamp="27 Apr 2021 14:52:15 GMT" time="0.115" errors="0">
  <testcase name="sort" time="0.115" classname="interProgram.sortint"/>
</testsuite> <!-- interProgram.sortint -->
