<?xml version="1.0" encoding="UTF-8"?>
<!-- Generated by org.testng.reporters.JUnitReportReporter -->
<testsuite hostname="geethanjali-hp" name="TestNG.Android" tests="6" failures="0" timestamp="11 Jun 2021 05:19:10 GMT" time="0.039" errors="0">
  <testcase name="androidChrome" time="0.027" classname="TestNG.Android"/>
  <testcase name="androidChrome" time="0.001" classname="TestNG.Android"/>
  <testcase name="androidFirefox" time="0.001" classname="TestNG.Android"/>
  <testcase name="androidEdge" time="0.007" classname="TestNG.Android"/>
  <testcase name="androidChrome" time="0.002" classname="TestNG.Android"/>
  <testcase name="androidFirefox" time="0.001" classname="TestNG.Android"/>
</testsuite> <!-- TestNG.Android -->
